<?xml version="1.0" encoding="UTF-8"?>
<!-- Generated by org.testng.reporters.JUnitXMLReporter -->
<testsuite ignored="2" hostname="Sivam" failures="0" tests="1" name="Test(failed)(failed)" time="0.061" errors="0" timestamp="2024-02-13T07:51:01 IST">
  <testcase classname="execuationpack.Test1" name="fitstTestCase" time="0.007"/>
  <testcase classname="execuationpack.Test1" name="SecondTestCase" time="0.0">
    <ignored/>
  </testcase> <!-- SecondTestCase -->
  <testcase classname="execuationpack.Test1" name="thirdTestCase" time="0.0">
    <ignored/>
  </testcase> <!-- thirdTestCase -->
</testsuite> <!-- Test(failed)(failed) -->
