<?xml version="1.0" encoding="UTF-8"?>
<!-- Generated by org.testng.reporters.JUnitXMLReporter -->
<testsuite ignored="1" hostname="Sivam" failures="0" tests="12" name="Test" time="1.897" errors="0" timestamp="2024-02-17T06:57:11 IST">
  <testcase classname="execuationpack.PriorityEx" name="startTheCar" time="0.004"/>
  <testcase classname="execuationpack.PriorityEx" name="firstGear" time="0.001"/>
  <testcase classname="execuationpack.PriorityEx" name="secondGear" time="0.001"/>
  <testcase classname="execuationpack.PriorityEx" name="thirdGear" time="0.001"/>
  <testcase classname="execuationpack.Test1" name="SecondTestCase" time="0.001"/>
  <testcase classname="execuationpack.Test1" name="fitstTestCase" time="0.0"/>
  <testcase classname="execuationpack.Test1" name="thirdTestCase" time="0.001"/>
  <testcase classname="execuationpack.BrowserTest" name="flipkart" time="0.761"/>
  <testcase classname="execuationpack.BrowserTest" name="snapDeal" time="1.068"/>
  <testcase classname="execuationpack.DependeciesManagement" name="highSchool" time="0.001"/>
  <testcase classname="execuationpack.DependeciesManagement" name="higherSecondarySchool" time="0.001"/>
  <testcase classname="execuationpack.DependeciesManagement" name="engineering" time="0.002"/>
  <testcase classname="execuationpack.PriorityEx" name="music" time="0.0">
    <ignored/>
  </testcase> <!-- music -->
</testsuite> <!-- Test -->
