<?xml version="1.0" encoding="UTF-8"?>
<!-- Generated by org.testng.reporters.JUnitXMLReporter -->
<testsuite ignored="13" hostname="Sivam" failures="0" tests="4" name="test case" time="0.106" errors="0" timestamp="2024-02-11T19:08:05 IST">
  <testcase classname="execuationpack.GroupExample" name="one" time="0.013"/>
  <testcase classname="execuationpack.GroupExample" name="two" time="0.002"/>
  <testcase classname="execuationpack.Test1" name="SecondTestCase" time="0.001"/>
  <testcase classname="execuationpack.Test1" name="fitstTestCase" time="0.001"/>
  <testcase classname="execuationpack.PriorityEx" name="firstGear" time="0.0">
    <ignored/>
  </testcase> <!-- firstGear -->
  <testcase classname="execuationpack.PriorityEx" name="secondGear" time="0.0">
    <ignored/>
  </testcase> <!-- secondGear -->
  <testcase classname="execuationpack.PriorityEx" name="music" time="0.0">
    <ignored/>
  </testcase> <!-- music -->
  <testcase classname="execuationpack.BrowserTest" name="amazone" time="0.0">
    <ignored/>
  </testcase> <!-- amazone -->
  <testcase classname="execuationpack.BrowserTest" name="snapDeal" time="0.0">
    <ignored/>
  </testcase> <!-- snapDeal -->
  <testcase classname="execuationpack.GroupExample" name="three" time="0.0">
    <ignored/>
  </testcase> <!-- three -->
  <testcase classname="execuationpack.DependeciesManagement" name="highSchool" time="0.0">
    <ignored/>
  </testcase> <!-- highSchool -->
  <testcase classname="execuationpack.PriorityEx" name="thirdGear" time="0.0">
    <ignored/>
  </testcase> <!-- thirdGear -->
  <testcase classname="execuationpack.DependeciesManagement" name="engineering" time="0.0">
    <ignored/>
  </testcase> <!-- engineering -->
  <testcase classname="execuationpack.PriorityEx" name="startTheCar" time="0.0">
    <ignored/>
  </testcase> <!-- startTheCar -->
  <testcase classname="execuationpack.Test1" name="thirdTestCase" time="0.0">
    <ignored/>
  </testcase> <!-- thirdTestCase -->
  <testcase classname="execuationpack.BrowserTest" name="flipkart" time="0.0">
    <ignored/>
  </testcase> <!-- flipkart -->
  <testcase classname="execuationpack.DependeciesManagement" name="higherSecondarySchool" time="0.0">
    <ignored/>
  </testcase> <!-- higherSecondarySchool -->
</testsuite> <!-- test case -->
