<?xml version="1.0" encoding="UTF-8"?>
<testng-results ignored="0" total="12" passed="12" failed="0" skipped="0">
  <reporter-output>
  </reporter-output>
  <suite started-at="2024-02-17T06:57:10 IST" name="Suite" finished-at="2024-02-17T06:57:11 IST" duration-ms="1897">
    <groups>
      <group name="smoke">
        <method signature="Test1.SecondTestCase()[pri:0, instance:execuationpack.Test1@d9345cd]" name="SecondTestCase" class="execuationpack.Test1"/>
      </group> <!-- smoke -->
      <group name="sanity">
        <method signature="Test1.fitstTestCase()[pri:0, instance:execuationpack.Test1@d9345cd]" name="fitstTestCase" class="execuationpack.Test1"/>
      </group> <!-- sanity -->
      <group name="regerisson">
        <method signature="Test1.thirdTestCase()[pri:0, instance:execuationpack.Test1@d9345cd]" name="thirdTestCase" class="execuationpack.Test1"/>
      </group> <!-- regerisson -->
    </groups>
    <test started-at="2024-02-17T06:57:10 IST" name="Test" finished-at="2024-02-17T06:57:11 IST" duration-ms="1897">
      <class name="execuationpack.Test1">
        <test-method signature="SecondTestCase()[pri:0, instance:execuationpack.Test1@d9345cd]" started-at="2024-02-17T06:57:10 IST" name="SecondTestCase" finished-at="2024-02-17T06:57:10 IST" duration-ms="1" status="PASS">
          <reporter-output>
          </reporter-output>
        </test-method> <!-- SecondTestCase -->
        <test-method signature="fitstTestCase()[pri:0, instance:execuationpack.Test1@d9345cd]" started-at="2024-02-17T06:57:10 IST" name="fitstTestCase" finished-at="2024-02-17T06:57:10 IST" duration-ms="0" status="PASS">
          <reporter-output>
          </reporter-output>
        </test-method> <!-- fitstTestCase -->
        <test-method signature="thirdTestCase()[pri:0, instance:execuationpack.Test1@d9345cd]" started-at="2024-02-17T06:57:10 IST" name="thirdTestCase" finished-at="2024-02-17T06:57:10 IST" duration-ms="1" status="PASS">
          <reporter-output>
          </reporter-output>
        </test-method> <!-- thirdTestCase -->
      </class> <!-- execuationpack.Test1 -->
      <class name="execuationpack.PriorityEx">
        <test-method signature="startTheCar()[pri:0, instance:execuationpack.PriorityEx@6253c26]" started-at="2024-02-17T06:57:10 IST" name="startTheCar" finished-at="2024-02-17T06:57:10 IST" duration-ms="4" status="PASS">
          <reporter-output>
          </reporter-output>
        </test-method> <!-- startTheCar -->
        <test-method signature="firstGear()[pri:1, instance:execuationpack.PriorityEx@6253c26]" started-at="2024-02-17T06:57:10 IST" name="firstGear" finished-at="2024-02-17T06:57:10 IST" duration-ms="1" status="PASS">
          <reporter-output>
          </reporter-output>
        </test-method> <!-- firstGear -->
        <test-method signature="secondGear()[pri:2, instance:execuationpack.PriorityEx@6253c26]" started-at="2024-02-17T06:57:10 IST" name="secondGear" finished-at="2024-02-17T06:57:10 IST" duration-ms="1" status="PASS">
          <reporter-output>
          </reporter-output>
        </test-method> <!-- secondGear -->
        <test-method signature="thirdGear()[pri:3, instance:execuationpack.PriorityEx@6253c26]" started-at="2024-02-17T06:57:10 IST" name="thirdGear" finished-at="2024-02-17T06:57:10 IST" duration-ms="1" status="PASS">
          <reporter-output>
          </reporter-output>
        </test-method> <!-- thirdGear -->
      </class> <!-- execuationpack.PriorityEx -->
      <class name="execuationpack.BrowserTest">
        <test-method is-config="true" signature="first()[pri:0, instance:execuationpack.BrowserTest@229c6181]" started-at="2024-02-17T06:57:08 IST" name="first" finished-at="2024-02-17T06:57:10 IST" duration-ms="1284" status="PASS">
          <reporter-output>
          </reporter-output>
        </test-method> <!-- first -->
        <test-method signature="flipkart()[pri:0, instance:execuationpack.BrowserTest@229c6181]" started-at="2024-02-17T06:57:10 IST" name="flipkart" finished-at="2024-02-17T06:57:10 IST" duration-ms="761" status="PASS">
          <reporter-output>
          </reporter-output>
        </test-method> <!-- flipkart -->
        <test-method signature="snapDeal()[pri:0, instance:execuationpack.BrowserTest@229c6181]" started-at="2024-02-17T06:57:10 IST" name="snapDeal" finished-at="2024-02-17T06:57:11 IST" duration-ms="1068" status="PASS">
          <reporter-output>
          </reporter-output>
        </test-method> <!-- snapDeal -->
        <test-method is-config="true" signature="after()[pri:0, instance:execuationpack.BrowserTest@229c6181]" started-at="2024-02-17T06:57:12 IST" name="after" finished-at="2024-02-17T06:57:12 IST" duration-ms="92" status="PASS">
          <reporter-output>
          </reporter-output>
        </test-method> <!-- after -->
      </class> <!-- execuationpack.BrowserTest -->
      <class name="execuationpack.DependeciesManagement">
        <test-method signature="highSchool()[pri:0, instance:execuationpack.DependeciesManagement@791f145a]" started-at="2024-02-17T06:57:11 IST" name="highSchool" finished-at="2024-02-17T06:57:11 IST" duration-ms="1" status="PASS">
          <reporter-output>
          </reporter-output>
        </test-method> <!-- highSchool -->
        <test-method signature="higherSecondarySchool()[pri:0, instance:execuationpack.DependeciesManagement@791f145a]" started-at="2024-02-17T06:57:11 IST" name="higherSecondarySchool" finished-at="2024-02-17T06:57:11 IST" depends-on-methods="execuationpack.DependeciesManagement.highSchool" duration-ms="1" status="PASS">
          <reporter-output>
          </reporter-output>
        </test-method> <!-- higherSecondarySchool -->
        <test-method signature="engineering()[pri:0, instance:execuationpack.DependeciesManagement@791f145a]" started-at="2024-02-17T06:57:11 IST" name="engineering" finished-at="2024-02-17T06:57:11 IST" depends-on-methods="execuationpack.DependeciesManagement.higherSecondarySchool" duration-ms="2" status="PASS">
          <reporter-output>
          </reporter-output>
        </test-method> <!-- engineering -->
      </class> <!-- execuationpack.DependeciesManagement -->
    </test> <!-- Test -->
  </suite> <!-- Suite -->
</testng-results>
