<?xml version="1.0" encoding="UTF-8"?>
<testng-results ignored="0" total="2" passed="2" failed="0" skipped="0">
  <reporter-output>
  </reporter-output>
  <suite started-at="2024-02-13T08:48:29 IST" name="Default suite" finished-at="2024-02-13T08:48:31 IST" duration-ms="1927">
    <groups>
    </groups>
    <test started-at="2024-02-13T08:48:29 IST" name="Default test" finished-at="2024-02-13T08:48:31 IST" duration-ms="1927">
      <class name="execuationpack.DataProviderExam">
        <test-method is-config="true" signature="openChrome()[pri:0, instance:execuationpack.DataProviderExam@229c6181]" started-at="2024-02-13T08:48:25 IST" name="openChrome" finished-at="2024-02-13T08:48:29 IST" duration-ms="4386" status="PASS">
          <reporter-output>
          </reporter-output>
        </test-method> <!-- openChrome -->
        <test-method signature="orngHRM(java.lang.String,java.lang.String)[pri:0, instance:execuationpack.DataProviderExam@229c6181]" started-at="2024-02-13T08:48:29 IST" name="orngHRM" data-provider="loginda" finished-at="2024-02-13T08:48:30 IST" duration-ms="1358" status="PASS">
          <params>
            <param index="0">
              <value>
                <![CDATA[Admi]]>
              </value>
            </param>
            <param index="1">
              <value>
                <![CDATA[admin12]]>
              </value>
            </param>
          </params>
          <reporter-output>
          </reporter-output>
        </test-method> <!-- orngHRM -->
        <test-method signature="orngHRM(java.lang.String,java.lang.String)[pri:0, instance:execuationpack.DataProviderExam@229c6181]" started-at="2024-02-13T08:48:30 IST" name="orngHRM" data-provider="loginda" finished-at="2024-02-13T08:48:31 IST" duration-ms="517" status="PASS">
          <params>
            <param index="0">
              <value>
                <![CDATA[Admin]]>
              </value>
            </param>
            <param index="1">
              <value>
                <![CDATA[admin123]]>
              </value>
            </param>
          </params>
          <reporter-output>
          </reporter-output>
        </test-method> <!-- orngHRM -->
      </class> <!-- execuationpack.DataProviderExam -->
    </test> <!-- Default test -->
  </suite> <!-- Default suite -->
</testng-results>
